
 
记录时间：2017-06-22 12:17:20,785 
线程ID:[6] 
日志级别：  ERROR 
出错类：HCQ2WebAPI_Logic.DExceptionFilterAttribute property: [(null)] - 
错误描述：
.捕获异常信息：
IP：::1
浏览器：Unknown
浏览器版本：0
操作系统：Unknown
错误信息：
错误页面：http://localhost/HCQ2WebAPI/api/WorkerManager/GetIndexData
错误信息：程序集“HCQ2_BLL, Version=1.0.0.0, Culture=neutral, PublicKeyToken=null”中的类型“HCQ2_BLL.View_A02BLL”的方法“GetAttendanceTrue”没有实现。
错误源：HCQ2_BLL
异常方法：HCQ2_IBLL.IView_A02BLL get_View_A02()
堆栈信息：   在 HCQ2_BLL.BLLSession.get_View_A02()
   在 HCQ2WebAPI_Logic.APPController.WorkerManagerController.GetIndexData(BaseAPI model) 位置 G:\NET项目\TaoCode\HCQ2\HCQ2WebAPI_Logic\APPController\WorkerManagerController.cs:行号 30
   在 System.Web.Http.Controllers.ReflectedHttpActionDescriptor.ActionExecutor.<>c__DisplayClass10.<GetExecutor>b__9(Object instance, Object[] methodParameters)
   在 System.Web.Http.Controllers.ReflectedHttpActionDescriptor.ExecuteAsync(HttpControllerContext controllerContext, IDictionary`2 arguments, CancellationToken cancellationToken)
--- 引发异常的上一位置中堆栈跟踪的末尾 ---
   在 System.Runtime.ExceptionServices.ExceptionDispatchInfo.Throw()
   在 System.Runtime.CompilerServices.TaskAwaiter.HandleNonSuccessAndDebuggerNotification(Task task)
   在 System.Web.Http.Controllers.ApiControllerActionInvoker.<InvokeActionAsyncCore>d__0.MoveNext()
--- 引发异常的上一位置中堆栈跟踪的末尾 ---
   在 System.Runtime.ExceptionServices.ExceptionDispatchInfo.Throw()
   在 System.Runtime.CompilerServices.TaskAwaiter.HandleNonSuccessAndDebuggerNotification(Task task)
   在 System.Web.Http.Controllers.ActionFilterResult.<ExecuteAsync>d__2.MoveNext()
--- 引发异常的上一位置中堆栈跟踪的末尾 ---
   在 System.Runtime.ExceptionServices.ExceptionDispatchInfo.Throw()
   在 System.Runtime.CompilerServices.TaskAwaiter.HandleNonSuccessAndDebuggerNotification(Task task)
   在 System.Web.Http.Filters.AuthorizationFilterAttribute.<ExecuteAuthorizationFilterAsyncCore>d__2.MoveNext()
--- 引发异常的上一位置中堆栈跟踪的末尾 ---
   在 System.Runtime.ExceptionServices.ExceptionDispatchInfo.Throw()
   在 System.Runtime.CompilerServices.TaskAwaiter.HandleNonSuccessAndDebuggerNotification(Task task)
   在 System.Web.Http.Controllers.AuthenticationFilterResult.<ExecuteAsync>d__0.MoveNext()
--- 引发异常的上一位置中堆栈跟踪的末尾 ---
   在 System.Runtime.ExceptionServices.ExceptionDispatchInfo.Throw()
   在 System.Runtime.CompilerServices.TaskAwaiter.HandleNonSuccessAndDebuggerNotification(Task task)
   在 System.Web.Http.Controllers.ExceptionFilterResult.<ExecuteAsync>d__0.MoveNext()

 

 
记录时间：2017-06-22 12:17:26,125 
线程ID:[7] 
日志级别：  ERROR 
出错类：HCQ2WebAPI_Logic.DExceptionFilterAttribute property: [(null)] - 
错误描述：
.捕获异常信息：
IP：::1
浏览器：Unknown
浏览器版本：0
操作系统：Unknown
错误信息：
错误页面：http://localhost/HCQ2WebAPI/api/WorkerManager/GetIndexData
错误信息：程序集“HCQ2_BLL, Version=1.0.0.0, Culture=neutral, PublicKeyToken=null”中的类型“HCQ2_BLL.View_A02BLL”的方法“GetAttendanceTrue”没有实现。
错误源：HCQ2_BLL
异常方法：HCQ2_IBLL.IView_A02BLL get_View_A02()
堆栈信息：   在 HCQ2_BLL.BLLSession.get_View_A02()
   在 HCQ2WebAPI_Logic.APPController.WorkerManagerController.GetIndexData(BaseAPI model) 位置 G:\NET项目\TaoCode\HCQ2\HCQ2WebAPI_Logic\APPController\WorkerManagerController.cs:行号 30
   在 System.Web.Http.Controllers.ReflectedHttpActionDescriptor.ActionExecutor.<>c__DisplayClass10.<GetExecutor>b__9(Object instance, Object[] methodParameters)
   在 System.Web.Http.Controllers.ReflectedHttpActionDescriptor.ExecuteAsync(HttpControllerContext controllerContext, IDictionary`2 arguments, CancellationToken cancellationToken)
--- 引发异常的上一位置中堆栈跟踪的末尾 ---
   在 System.Runtime.ExceptionServices.ExceptionDispatchInfo.Throw()
   在 System.Runtime.CompilerServices.TaskAwaiter.HandleNonSuccessAndDebuggerNotification(Task task)
   在 System.Web.Http.Controllers.ApiControllerActionInvoker.<InvokeActionAsyncCore>d__0.MoveNext()
--- 引发异常的上一位置中堆栈跟踪的末尾 ---
   在 System.Runtime.ExceptionServices.ExceptionDispatchInfo.Throw()
   在 System.Runtime.CompilerServices.TaskAwaiter.HandleNonSuccessAndDebuggerNotification(Task task)
   在 System.Web.Http.Controllers.ActionFilterResult.<ExecuteAsync>d__2.MoveNext()
--- 引发异常的上一位置中堆栈跟踪的末尾 ---
   在 System.Runtime.ExceptionServices.ExceptionDispatchInfo.Throw()
   在 System.Runtime.CompilerServices.TaskAwaiter.HandleNonSuccessAndDebuggerNotification(Task task)
   在 System.Web.Http.Filters.AuthorizationFilterAttribute.<ExecuteAuthorizationFilterAsyncCore>d__2.MoveNext()
--- 引发异常的上一位置中堆栈跟踪的末尾 ---
   在 System.Runtime.ExceptionServices.ExceptionDispatchInfo.Throw()
   在 System.Runtime.CompilerServices.TaskAwaiter.HandleNonSuccessAndDebuggerNotification(Task task)
   在 System.Web.Http.Controllers.AuthenticationFilterResult.<ExecuteAsync>d__0.MoveNext()
--- 引发异常的上一位置中堆栈跟踪的末尾 ---
   在 System.Runtime.ExceptionServices.ExceptionDispatchInfo.Throw()
   在 System.Runtime.CompilerServices.TaskAwaiter.HandleNonSuccessAndDebuggerNotification(Task task)
   在 System.Web.Http.Controllers.ExceptionFilterResult.<ExecuteAsync>d__0.MoveNext()

 
