
 
记录时间：2017-06-19 10:24:09,767 
线程ID:[8] 
日志级别：  ERROR 
出错类：HCQ2WebAPI_Logic.DExceptionFilterAttribute property: [(null)] - 
错误描述：
.捕获异常信息：
IP：::1
浏览器：Unknown
浏览器版本：0
操作系统：Unknown
错误信息：
错误页面：http://localhost/HCQ2WebAPI/api/WorkerManager/GetWorkMonthList
错误信息：程序集“HCQ2_BLL, Version=1.0.0.0, Culture=neutral, PublicKeyToken=null”中的类型“HCQ2_BLL.BLLSession”的方法“get_T_Complaints”没有实现。
错误源：HCQ2_BLL
异常方法：HCQ2_IBLL.IBLLSession GetBLLSession()
堆栈信息：   在 HCQ2_BLL.BLLSessionFactory.GetBLLSession()
   在 _dynamic_HCQ2_BLL.BLLSessionFactory.GetBLLSession(Object , Object[] )
   在 Spring.Aop.Framework.DynamicMethodInvocation.InvokeJoinpoint()
   在 Spring.Transaction.Interceptor.TransactionInterceptor.Invoke(IMethodInvocation invocation)
   在 CompositionAopProxy_028c94b5a9914d10a64ad22fef5f5ae5.GetBLLSession()
   在 HCQ2UI_Helper.OperateContext..ctor() 位置 G:\NET项目\TaoCode\HCQ2\HCQ2UI_Helper\OperateContext.cs:行号 101
   在 HCQ2UI_Helper.OperateContext.get_Current() 位置 G:\NET项目\TaoCode\HCQ2\HCQ2UI_Helper\OperateContext.cs:行号 116
   在 HCQ2WebAPI_Logic.WeiXinApiAuthorizeFilterAttribute.OnAuthorization(HttpActionContext actionContext) 位置 G:\NET项目\TaoCode\HCQ2\HCQ2WebAPI_Logic\Filters\WeiXinApiAuthorizeFilterAttribute.cs:行号 67
   在 System.Web.Http.Filters.AuthorizationFilterAttribute.OnAuthorizationAsync(HttpActionContext actionContext, CancellationToken cancellationToken)
--- 引发异常的上一位置中堆栈跟踪的末尾 ---
   在 System.Runtime.ExceptionServices.ExceptionDispatchInfo.Throw()
   在 System.Runtime.CompilerServices.TaskAwaiter.HandleNonSuccessAndDebuggerNotification(Task task)
   在 System.Web.Http.Filters.AuthorizationFilterAttribute.<ExecuteAuthorizationFilterAsyncCore>d__2.MoveNext()
--- 引发异常的上一位置中堆栈跟踪的末尾 ---
   在 System.Runtime.ExceptionServices.ExceptionDispatchInfo.Throw()
   在 System.Runtime.CompilerServices.TaskAwaiter.HandleNonSuccessAndDebuggerNotification(Task task)
   在 System.Web.Http.Controllers.AuthenticationFilterResult.<ExecuteAsync>d__0.MoveNext()
--- 引发异常的上一位置中堆栈跟踪的末尾 ---
   在 System.Runtime.ExceptionServices.ExceptionDispatchInfo.Throw()
   在 System.Runtime.CompilerServices.TaskAwaiter.HandleNonSuccessAndDebuggerNotification(Task task)
   在 System.Web.Http.Controllers.ExceptionFilterResult.<ExecuteAsync>d__0.MoveNext()

 

 
记录时间：2017-06-19 16:40:09,188 
线程ID:[33] 
日志级别：  ERROR 
出错类：HCQ2WebAPI_Logic.DExceptionFilterAttribute property: [(null)] - 
错误描述：
.捕获异常信息：
IP：::1
浏览器：Unknown
浏览器版本：0
操作系统：Unknown
错误信息：
错误页面：http://localhost/HCQ2WebAPI/api/DebtWage/GetDebtDataByUnit
错误信息：多次为 'AA' 指定了列 'UnitID'。
错误源：.Net SqlClient Data Provider
异常方法：Void OnError(System.Data.SqlClient.SqlException, Boolean, System.Action`1[System.Action])
堆栈信息：   在 System.Data.SqlClient.SqlConnection.OnError(SqlException exception, Boolean breakConnection, Action`1 wrapCloseInAction)
   在 System.Data.SqlClient.TdsParser.ThrowExceptionAndWarning(TdsParserStateObject stateObj, Boolean callerHasConnectionLock, Boolean asyncClose)
   在 System.Data.SqlClient.TdsParser.TryRun(RunBehavior runBehavior, SqlCommand cmdHandler, SqlDataReader dataStream, BulkCopySimpleResultSet bulkCopyHandler, TdsParserStateObject stateObj, Boolean& dataReady)
   在 System.Data.SqlClient.SqlDataReader.TryConsumeMetaData()
   在 System.Data.SqlClient.SqlDataReader.get_MetaData()
   在 System.Data.SqlClient.SqlCommand.FinishExecuteReader(SqlDataReader ds, RunBehavior runBehavior, String resetOptionsString, Boolean isInternal, Boolean forDescribeParameterEncryption)
   在 System.Data.SqlClient.SqlCommand.RunExecuteReaderTds(CommandBehavior cmdBehavior, RunBehavior runBehavior, Boolean returnStream, Boolean async, Int32 timeout, Task& task, Boolean asyncWrite, Boolean inRetry, SqlDataReader ds, Boolean describeParameterEncryptionRequest)
   在 System.Data.SqlClient.SqlCommand.RunExecuteReader(CommandBehavior cmdBehavior, RunBehavior runBehavior, Boolean returnStream, String method, TaskCompletionSource`1 completion, Int32 timeout, Task& task, Boolean& usedCache, Boolean asyncWrite, Boolean inRetry)
   在 System.Data.SqlClient.SqlCommand.RunExecuteReader(CommandBehavior cmdBehavior, RunBehavior runBehavior, Boolean returnStream, String method)
   在 System.Data.SqlClient.SqlCommand.ExecuteReader(CommandBehavior behavior, String method)
   在 System.Data.Common.DbDataAdapter.FillInternal(DataSet dataset, DataTable[] datatables, Int32 startRecord, Int32 maxRecords, String srcTable, IDbCommand command, CommandBehavior behavior)
   在 System.Data.Common.DbDataAdapter.Fill(DataTable[] dataTables, Int32 startRecord, Int32 maxRecords, IDbCommand command, CommandBehavior behavior)
   在 System.Data.Common.DbDataAdapter.Fill(DataTable dataTable)
   在 HCQ2_Common.SQL.SqlHelper.ExecuteDataTable(String sql, CommandType cmdType, SqlParameter[] psm) 位置 G:\NET项目\TaoCode\HCQ2\HCQ2_Common\SQL\SqlHelper.cs:行号 176
   在 HCQ2_DAL_MSSQL.View_QXTJDAL.GetDebtCountDataByOrg(DebtSelGrantModel model) 位置 G:\NET项目\TaoCode\HCQ2\HCQ2_DAL\ExtensionDAL\View_QXTJDAL.cs:行号 172
   在 HCQ2_BLL.View_QXTJBLL.GetDebtCountDataByOrg(DebtSelGrantModel model) 位置 G:\NET项目\TaoCode\HCQ2\HCQ2_BLL\ExtensionBLL\View_QXTJBLL.cs:行号 272
   在 HCQ2WebAPI_Logic.APPController.DebtWageController.GetDebtDataByUnit(DebtSelGrantModel model) 位置 G:\NET项目\TaoCode\HCQ2\HCQ2WebAPI_Logic\APPController\DebtWageController.cs:行号 67
   在 System.Web.Http.Controllers.ReflectedHttpActionDescriptor.ActionExecutor.<>c__DisplayClass10.<GetExecutor>b__9(Object instance, Object[] methodParameters)
   在 System.Web.Http.Controllers.ReflectedHttpActionDescriptor.ExecuteAsync(HttpControllerContext controllerContext, IDictionary`2 arguments, CancellationToken cancellationToken)
--- 引发异常的上一位置中堆栈跟踪的末尾 ---
   在 System.Runtime.ExceptionServices.ExceptionDispatchInfo.Throw()
   在 System.Runtime.CompilerServices.TaskAwaiter.HandleNonSuccessAndDebuggerNotification(Task task)
   在 System.Web.Http.Controllers.ApiControllerActionInvoker.<InvokeActionAsyncCore>d__0.MoveNext()
--- 引发异常的上一位置中堆栈跟踪的末尾 ---
   在 System.Runtime.ExceptionServices.ExceptionDispatchInfo.Throw()
   在 System.Runtime.CompilerServices.TaskAwaiter.HandleNonSuccessAndDebuggerNotification(Task task)
   在 System.Web.Http.Controllers.ActionFilterResult.<ExecuteAsync>d__2.MoveNext()
--- 引发异常的上一位置中堆栈跟踪的末尾 ---
   在 System.Runtime.ExceptionServices.ExceptionDispatchInfo.Throw()
   在 System.Runtime.CompilerServices.TaskAwaiter.HandleNonSuccessAndDebuggerNotification(Task task)
   在 System.Web.Http.Filters.AuthorizationFilterAttribute.<ExecuteAuthorizationFilterAsyncCore>d__2.MoveNext()
--- 引发异常的上一位置中堆栈跟踪的末尾 ---
   在 System.Runtime.ExceptionServices.ExceptionDispatchInfo.Throw()
   在 System.Runtime.CompilerServices.TaskAwaiter.HandleNonSuccessAndDebuggerNotification(Task task)
   在 System.Web.Http.Controllers.AuthenticationFilterResult.<ExecuteAsync>d__0.MoveNext()
--- 引发异常的上一位置中堆栈跟踪的末尾 ---
   在 System.Runtime.ExceptionServices.ExceptionDispatchInfo.Throw()
   在 System.Runtime.CompilerServices.TaskAwaiter.HandleNonSuccessAndDebuggerNotification(Task task)
   在 System.Web.Http.Controllers.ExceptionFilterResult.<ExecuteAsync>d__0.MoveNext()

 

 
记录时间：2017-06-19 16:40:19,000 
线程ID:[35] 
日志级别：  ERROR 
出错类：HCQ2WebAPI_Logic.DExceptionFilterAttribute property: [(null)] - 
错误描述：
.捕获异常信息：
IP：::1
浏览器：Unknown
浏览器版本：0
操作系统：Unknown
错误信息：
错误页面：http://localhost/HCQ2WebAPI/api/DebtWage/GetDebtDataByUnit
错误信息：多次为 'AA' 指定了列 'UnitID'。
错误源：.Net SqlClient Data Provider
异常方法：Void OnError(System.Data.SqlClient.SqlException, Boolean, System.Action`1[System.Action])
堆栈信息：   在 System.Data.SqlClient.SqlConnection.OnError(SqlException exception, Boolean breakConnection, Action`1 wrapCloseInAction)
   在 System.Data.SqlClient.TdsParser.ThrowExceptionAndWarning(TdsParserStateObject stateObj, Boolean callerHasConnectionLock, Boolean asyncClose)
   在 System.Data.SqlClient.TdsParser.TryRun(RunBehavior runBehavior, SqlCommand cmdHandler, SqlDataReader dataStream, BulkCopySimpleResultSet bulkCopyHandler, TdsParserStateObject stateObj, Boolean& dataReady)
   在 System.Data.SqlClient.SqlDataReader.TryConsumeMetaData()
   在 System.Data.SqlClient.SqlDataReader.get_MetaData()
   在 System.Data.SqlClient.SqlCommand.FinishExecuteReader(SqlDataReader ds, RunBehavior runBehavior, String resetOptionsString, Boolean isInternal, Boolean forDescribeParameterEncryption)
   在 System.Data.SqlClient.SqlCommand.RunExecuteReaderTds(CommandBehavior cmdBehavior, RunBehavior runBehavior, Boolean returnStream, Boolean async, Int32 timeout, Task& task, Boolean asyncWrite, Boolean inRetry, SqlDataReader ds, Boolean describeParameterEncryptionRequest)
   在 System.Data.SqlClient.SqlCommand.RunExecuteReader(CommandBehavior cmdBehavior, RunBehavior runBehavior, Boolean returnStream, String method, TaskCompletionSource`1 completion, Int32 timeout, Task& task, Boolean& usedCache, Boolean asyncWrite, Boolean inRetry)
   在 System.Data.SqlClient.SqlCommand.RunExecuteReader(CommandBehavior cmdBehavior, RunBehavior runBehavior, Boolean returnStream, String method)
   在 System.Data.SqlClient.SqlCommand.ExecuteReader(CommandBehavior behavior, String method)
   在 System.Data.Common.DbDataAdapter.FillInternal(DataSet dataset, DataTable[] datatables, Int32 startRecord, Int32 maxRecords, String srcTable, IDbCommand command, CommandBehavior behavior)
   在 System.Data.Common.DbDataAdapter.Fill(DataTable[] dataTables, Int32 startRecord, Int32 maxRecords, IDbCommand command, CommandBehavior behavior)
   在 System.Data.Common.DbDataAdapter.Fill(DataTable dataTable)
   在 HCQ2_Common.SQL.SqlHelper.ExecuteDataTable(String sql, CommandType cmdType, SqlParameter[] psm) 位置 G:\NET项目\TaoCode\HCQ2\HCQ2_Common\SQL\SqlHelper.cs:行号 176
   在 HCQ2_DAL_MSSQL.View_QXTJDAL.GetDebtCountDataByOrg(DebtSelGrantModel model) 位置 G:\NET项目\TaoCode\HCQ2\HCQ2_DAL\ExtensionDAL\View_QXTJDAL.cs:行号 172
   在 HCQ2_BLL.View_QXTJBLL.GetDebtCountDataByOrg(DebtSelGrantModel model) 位置 G:\NET项目\TaoCode\HCQ2\HCQ2_BLL\ExtensionBLL\View_QXTJBLL.cs:行号 272
   在 HCQ2WebAPI_Logic.APPController.DebtWageController.GetDebtDataByUnit(DebtSelGrantModel model) 位置 G:\NET项目\TaoCode\HCQ2\HCQ2WebAPI_Logic\APPController\DebtWageController.cs:行号 67
   在 System.Web.Http.Controllers.ReflectedHttpActionDescriptor.ActionExecutor.<>c__DisplayClass10.<GetExecutor>b__9(Object instance, Object[] methodParameters)
   在 System.Web.Http.Controllers.ReflectedHttpActionDescriptor.ExecuteAsync(HttpControllerContext controllerContext, IDictionary`2 arguments, CancellationToken cancellationToken)
--- 引发异常的上一位置中堆栈跟踪的末尾 ---
   在 System.Runtime.ExceptionServices.ExceptionDispatchInfo.Throw()
   在 System.Runtime.CompilerServices.TaskAwaiter.HandleNonSuccessAndDebuggerNotification(Task task)
   在 System.Web.Http.Controllers.ApiControllerActionInvoker.<InvokeActionAsyncCore>d__0.MoveNext()
--- 引发异常的上一位置中堆栈跟踪的末尾 ---
   在 System.Runtime.ExceptionServices.ExceptionDispatchInfo.Throw()
   在 System.Runtime.CompilerServices.TaskAwaiter.HandleNonSuccessAndDebuggerNotification(Task task)
   在 System.Web.Http.Controllers.ActionFilterResult.<ExecuteAsync>d__2.MoveNext()
--- 引发异常的上一位置中堆栈跟踪的末尾 ---
   在 System.Runtime.ExceptionServices.ExceptionDispatchInfo.Throw()
   在 System.Runtime.CompilerServices.TaskAwaiter.HandleNonSuccessAndDebuggerNotification(Task task)
   在 System.Web.Http.Filters.AuthorizationFilterAttribute.<ExecuteAuthorizationFilterAsyncCore>d__2.MoveNext()
--- 引发异常的上一位置中堆栈跟踪的末尾 ---
   在 System.Runtime.ExceptionServices.ExceptionDispatchInfo.Throw()
   在 System.Runtime.CompilerServices.TaskAwaiter.HandleNonSuccessAndDebuggerNotification(Task task)
   在 System.Web.Http.Controllers.AuthenticationFilterResult.<ExecuteAsync>d__0.MoveNext()
--- 引发异常的上一位置中堆栈跟踪的末尾 ---
   在 System.Runtime.ExceptionServices.ExceptionDispatchInfo.Throw()
   在 System.Runtime.CompilerServices.TaskAwaiter.HandleNonSuccessAndDebuggerNotification(Task task)
   在 System.Web.Http.Controllers.ExceptionFilterResult.<ExecuteAsync>d__0.MoveNext()

 
