
 
记录时间：2018-04-04 09:45:27,389 
线程ID:[21] 
日志级别：  ERROR 
出错类：HCQ2UI_Logic.MyHandleErrorAttribute property: [(null)] - 
错误描述：
.捕获异常信息：
IP：::1
浏览器：Firefox
浏览器版本：59
操作系统：WinNT
错误信息：
错误页面：http://localhost/BBSBaseHCQ2/BaneProUser/GetBaneUserData
错误信息：类型“System.Int32”的对象无法转换为类型“System.String”。
错误源：mscorlib
异常方法：System.Object TryChangeType(System.Object, System.Reflection.Binder, System.Globalization.CultureInfo, Boolean)
堆栈信息：   在 System.RuntimeType.TryChangeType(Object value, Binder binder, CultureInfo culture, Boolean needsSpecialCast)
   在 System.Reflection.MethodBase.CheckArguments(Object[] parameters, Binder binder, BindingFlags invokeAttr, CultureInfo culture, Signature sig)
   在 System.Reflection.RuntimeMethodInfo.InvokeArgumentsCheck(Object obj, BindingFlags invokeAttr, Binder binder, Object[] parameters, CultureInfo culture)
   在 System.Reflection.RuntimeMethodInfo.Invoke(Object obj, BindingFlags invokeAttr, Binder binder, Object[] parameters, CultureInfo culture)
   在 System.Reflection.RuntimePropertyInfo.SetValue(Object obj, Object value, Object[] index)
   在 HCQ2_Common.Data.DataTableHelper.DataTableToIList[T](DataTable dt, Boolean isChangeDateToStr) 位置 G:\NET项目\BaseHCQ2\BBSHCQ2\HCQ2_Common\Data\DataTableHelper.cs:行号 154
   在 HCQ2_DAL_MSSQL.Bane_UserDAL.GetBaneProData(BaneListParams param) 位置 G:\NET项目\BaseHCQ2\BBSHCQ2\HCQ2_DAL\ExtensionDAL\Bane_UserDAL.cs:行号 118
   在 HCQ2_BLL.Bane_UserBLL.GetBaneProData(BaneListParams param) 位置 G:\NET项目\BaseHCQ2\BBSHCQ2\HCQ2_BLL\ExtensionBLL\Bane_UserBLL.cs:行号 47
   在 HCQ2UI_Logic.BaneProUserController.GetBaneUserData() 位置 G:\NET项目\BaseHCQ2\BBSHCQ2\HCQ2UI_Logic\BaneUserController\BaneProUserController.cs:行号 53
   在 lambda_method(Closure , ControllerBase , Object[] )
   在 System.Web.Mvc.ReflectedActionDescriptor.Execute(ControllerContext controllerContext, IDictionary`2 parameters)
   在 System.Web.Mvc.ControllerActionInvoker.InvokeActionMethod(ControllerContext controllerContext, ActionDescriptor actionDescriptor, IDictionary`2 parameters)
   在 System.Web.Mvc.Async.AsyncControllerActionInvoker.<BeginInvokeSynchronousActionMethod>b__39(IAsyncResult asyncResult, ActionInvocation innerInvokeState)
   在 System.Web.Mvc.Async.AsyncResultWrapper.WrappedAsyncResult`2.CallEndDelegate(IAsyncResult asyncResult)
   在 System.Web.Mvc.Async.AsyncControllerActionInvoker.EndInvokeActionMethod(IAsyncResult asyncResult)
   在 System.Web.Mvc.Async.AsyncControllerActionInvoker.AsyncInvocationWithFilters.<InvokeActionMethodFilterAsynchronouslyRecursive>b__3d()
   在 System.Web.Mvc.Async.AsyncControllerActionInvoker.AsyncInvocationWithFilters.<>c__DisplayClass46.<InvokeActionMethodFilterAsynchronouslyRecursive>b__3f()
   在 System.Web.Mvc.Async.AsyncControllerActionInvoker.AsyncInvocationWithFilters.<>c__DisplayClass46.<InvokeActionMethodFilterAsynchronouslyRecursive>b__3f()
   在 System.Web.Mvc.Async.AsyncControllerActionInvoker.EndInvokeActionMethodWithFilters(IAsyncResult asyncResult)
   在 System.Web.Mvc.Async.AsyncControllerActionInvoker.<>c__DisplayClass21.<>c__DisplayClass2b.<BeginInvokeAction>b__1c()
   在 System.Web.Mvc.Async.AsyncControllerActionInvoker.<>c__DisplayClass21.<BeginInvokeAction>b__1e(IAsyncResult asyncResult)

 
