
 
记录时间：2018-04-23 10:25:29,529 
线程ID:[7] 
日志级别：  ERROR 
出错类：HCQ2UI_Logic.MyHandleErrorAttribute property: [(null)] - 
错误描述：
.捕获异常信息：
IP：::1
浏览器：Firefox
浏览器版本：47
操作系统：WinNT
错误信息：
错误页面：http://localhost/BBSBaseHCQ2/BaneUser/UserList
错误信息：未将对象引用设置到对象的实例。
错误源：HCQ2UI_Logic
异常方法：Void OnActionExecuting(System.Web.Mvc.ActionExecutingContext)
堆栈信息：   在 HCQ2UI_Logic.LoginActionFilterAttribute.OnActionExecuting(ActionExecutingContext filterContext) 位置 G:\NET项目\BaseHCQ2\BBSHCQ2\HCQ2UI_Logic\Filters\LoginActionFilterAttribute.cs:行号 60
   在 System.Web.Mvc.Async.AsyncControllerActionInvoker.AsyncInvocationWithFilters.InvokeActionMethodFilterAsynchronouslyRecursive(Int32 filterIndex)
   在 System.Web.Mvc.Async.AsyncControllerActionInvoker.AsyncInvocationWithFilters.InvokeActionMethodFilterAsynchronouslyRecursive(Int32 filterIndex)
   在 System.Web.Mvc.Async.AsyncControllerActionInvoker.<>c__DisplayClass33.<BeginInvokeActionMethodWithFilters>b__31(AsyncCallback asyncCallback, Object asyncState)
   在 System.Web.Mvc.Async.AsyncResultWrapper.WrappedAsyncResultBase`1.Begin(AsyncCallback callback, Object state, Int32 timeout)
   在 System.Web.Mvc.Async.AsyncControllerActionInvoker.BeginInvokeActionMethodWithFilters(ControllerContext controllerContext, IList`1 filters, ActionDescriptor actionDescriptor, IDictionary`2 parameters, AsyncCallback callback, Object state)
   在 System.Web.Mvc.Async.AsyncControllerActionInvoker.<>c__DisplayClass21.<BeginInvokeAction>b__19(AsyncCallback asyncCallback, Object asyncState)

 

 
记录时间：2018-04-23 10:26:24,839 
线程ID:[9] 
日志级别：  ERROR 
出错类：HCQ2UI_Logic.MyHandleErrorAttribute property: [(null)] - 
错误描述：
.捕获异常信息：
IP：::1
浏览器：Firefox
浏览器版本：47
操作系统：WinNT
错误信息：
错误页面：http://localhost/BBSBaseHCQ2/BaneUser/UserList
错误信息：未将对象引用设置到对象的实例。
错误源：HCQ2UI_Logic
异常方法：Void OnActionExecuting(System.Web.Mvc.ActionExecutingContext)
堆栈信息：   在 HCQ2UI_Logic.LoginActionFilterAttribute.OnActionExecuting(ActionExecutingContext filterContext) 位置 G:\NET项目\BaseHCQ2\BBSHCQ2\HCQ2UI_Logic\Filters\LoginActionFilterAttribute.cs:行号 60
   在 System.Web.Mvc.Async.AsyncControllerActionInvoker.AsyncInvocationWithFilters.InvokeActionMethodFilterAsynchronouslyRecursive(Int32 filterIndex)
   在 System.Web.Mvc.Async.AsyncControllerActionInvoker.AsyncInvocationWithFilters.InvokeActionMethodFilterAsynchronouslyRecursive(Int32 filterIndex)
   在 System.Web.Mvc.Async.AsyncControllerActionInvoker.<>c__DisplayClass33.<BeginInvokeActionMethodWithFilters>b__31(AsyncCallback asyncCallback, Object asyncState)
   在 System.Web.Mvc.Async.AsyncResultWrapper.WrappedAsyncResultBase`1.Begin(AsyncCallback callback, Object state, Int32 timeout)
   在 System.Web.Mvc.Async.AsyncControllerActionInvoker.BeginInvokeActionMethodWithFilters(ControllerContext controllerContext, IList`1 filters, ActionDescriptor actionDescriptor, IDictionary`2 parameters, AsyncCallback callback, Object state)
   在 System.Web.Mvc.Async.AsyncControllerActionInvoker.<>c__DisplayClass21.<BeginInvokeAction>b__19(AsyncCallback asyncCallback, Object asyncState)

 

 
记录时间：2018-04-23 13:57:17,479 
线程ID:[8] 
日志级别：  ERROR 
出错类：HCQ2UI_Logic.MyHandleErrorAttribute property: [(null)] - 
错误描述：
.捕获异常信息：
IP：::1
浏览器：Firefox
浏览器版本：47
操作系统：WinNT
错误信息：
错误页面：http://localhost/BBSBaseHCQ2/SysMenu/GetIndexMenuData
错误信息：未将对象引用设置到对象的实例。
错误源：HCQ2_BLL
异常方法：Boolean <GetMainMenu>b__2(HCQ2_Model.T_PageFolder)
堆栈信息：   在 HCQ2_BLL.T_PageFolderBLL.<>c__DisplayClass5_1.<GetMainMenu>b__2(T_PageFolder s) 位置 G:\NET项目\BaseHCQ2\BBSHCQ2\HCQ2_BLL\ExtensionAdminBLL\T_PageFolderBLL.cs:行号 203
   在 System.Linq.Enumerable.WhereListIterator`1.MoveNext()
   在 System.Collections.Generic.List`1..ctor(IEnumerable`1 collection)
   在 System.Linq.Enumerable.ToList[TSource](IEnumerable`1 source)
   在 HCQ2_BLL.T_PageFolderBLL.GetMainMenu(String sm_code, Boolean isAll) 位置 G:\NET项目\BaseHCQ2\BBSHCQ2\HCQ2_BLL\ExtensionAdminBLL\T_PageFolderBLL.cs:行号 203
   在 HCQ2UI_Logic.SysMenuController.GetIndexMenuData() 位置 G:\NET项目\BaseHCQ2\BBSHCQ2\HCQ2UI_Logic\AdminController\SysMenuController.cs:行号 199
   在 lambda_method(Closure , ControllerBase , Object[] )
   在 System.Web.Mvc.ReflectedActionDescriptor.Execute(ControllerContext controllerContext, IDictionary`2 parameters)
   在 System.Web.Mvc.ControllerActionInvoker.InvokeActionMethod(ControllerContext controllerContext, ActionDescriptor actionDescriptor, IDictionary`2 parameters)
   在 System.Web.Mvc.Async.AsyncControllerActionInvoker.<BeginInvokeSynchronousActionMethod>b__39(IAsyncResult asyncResult, ActionInvocation innerInvokeState)
   在 System.Web.Mvc.Async.AsyncResultWrapper.WrappedAsyncResult`2.CallEndDelegate(IAsyncResult asyncResult)
   在 System.Web.Mvc.Async.AsyncControllerActionInvoker.EndInvokeActionMethod(IAsyncResult asyncResult)
   在 System.Web.Mvc.Async.AsyncControllerActionInvoker.AsyncInvocationWithFilters.<InvokeActionMethodFilterAsynchronouslyRecursive>b__3d()
   在 System.Web.Mvc.Async.AsyncControllerActionInvoker.AsyncInvocationWithFilters.<>c__DisplayClass46.<InvokeActionMethodFilterAsynchronouslyRecursive>b__3f()
   在 System.Web.Mvc.Async.AsyncControllerActionInvoker.AsyncInvocationWithFilters.<>c__DisplayClass46.<InvokeActionMethodFilterAsynchronouslyRecursive>b__3f()
   在 System.Web.Mvc.Async.AsyncControllerActionInvoker.EndInvokeActionMethodWithFilters(IAsyncResult asyncResult)
   在 System.Web.Mvc.Async.AsyncControllerActionInvoker.<>c__DisplayClass21.<>c__DisplayClass2b.<BeginInvokeAction>b__1c()
   在 System.Web.Mvc.Async.AsyncControllerActionInvoker.<>c__DisplayClass21.<BeginInvokeAction>b__1e(IAsyncResult asyncResult)

 
