
 
记录时间：2018-04-09 11:12:34,475 
线程ID:[28] 
日志级别：  ERROR 
出错类：HCQ2UI_Logic.MyHandleErrorAttribute property: [(null)] - 
错误描述：
.捕获异常信息：
IP：::1
浏览器：Firefox
浏览器版本：46
操作系统：WinNT
错误信息：
错误页面：http://localhost/BBSBaseHCQ2/BaneUser/GetUrinalysisBaneData
错误信息：执行命令定义时出错。有关详细信息，请参阅内部异常。
错误源：EntityFramework
异常方法：System.Data.Common.DbDataReader ExecuteStoreCommands(System.Data.Entity.Core.EntityClient.EntityCommand, System.Data.CommandBehavior)
堆栈信息：   在 System.Data.Entity.Core.EntityClient.Internal.EntityCommandDefinition.ExecuteStoreCommands(EntityCommand entityCommand, CommandBehavior behavior)
   在 System.Data.Entity.Core.Objects.Internal.ObjectQueryExecutionPlan.Execute[TResultType](ObjectContext context, ObjectParameterCollection parameterValues)
   在 System.Data.Entity.Core.Objects.ObjectContext.ExecuteInTransaction[T](Func`1 func, IDbExecutionStrategy executionStrategy, Boolean startLocalTransaction, Boolean releaseConnectionOnSuccess)
   在 System.Data.Entity.Core.Objects.ObjectQuery`1.<>c__DisplayClass7.<GetResults>b__5()
   在 System.Data.Entity.SqlServer.DefaultSqlExecutionStrategy.Execute[TResult](Func`1 operation)
   在 System.Data.Entity.Core.Objects.ObjectQuery`1.GetResults(Nullable`1 forMergeOption)
   在 System.Data.Entity.Core.Objects.ObjectQuery`1.<System.Collections.Generic.IEnumerable<T>.GetEnumerator>b__0()
   在 System.Data.Entity.Internal.LazyEnumerator`1.MoveNext()
   在 System.Collections.Generic.List`1..ctor(IEnumerable`1 collection)
   在 System.Linq.Enumerable.ToList[TSource](IEnumerable`1 source)
   在 HCQ2_DAL_MSSQL.BaseDAL`1.Select[TKey](Expression`1 whereLambda, Expression`1 orderBy, Int32 pageIndex, Int32 pageSize, Boolean isAsc) 位置 G:\NET项目\BaseHCQ2\BBSHCQ2\HCQ2_DAL\BaseDAL.cs:行号 191
   在 HCQ2_BLL.BaseBLL`1.Select[TKey](Expression`1 whereLambda, Expression`1 orderLambda, Int32 pageIndex, Int32 pageSize, Boolean isAsc) 位置 G:\NET项目\BaseHCQ2\BBSHCQ2\HCQ2_BLL\BaseBLL.cs:行号 170
   在 HCQ2UI_Logic.BaneUserController.GetUrinalysisBaneData() 位置 G:\NET项目\BaseHCQ2\BBSHCQ2\HCQ2UI_Logic\BaneUserController\BaneUserController.cs:行号 483
   在 lambda_method(Closure , ControllerBase , Object[] )
   在 System.Web.Mvc.ReflectedActionDescriptor.Execute(ControllerContext controllerContext, IDictionary`2 parameters)
   在 System.Web.Mvc.ControllerActionInvoker.InvokeActionMethod(ControllerContext controllerContext, ActionDescriptor actionDescriptor, IDictionary`2 parameters)
   在 System.Web.Mvc.Async.AsyncControllerActionInvoker.<BeginInvokeSynchronousActionMethod>b__39(IAsyncResult asyncResult, ActionInvocation innerInvokeState)
   在 System.Web.Mvc.Async.AsyncResultWrapper.WrappedAsyncResult`2.CallEndDelegate(IAsyncResult asyncResult)
   在 System.Web.Mvc.Async.AsyncControllerActionInvoker.EndInvokeActionMethod(IAsyncResult asyncResult)
   在 System.Web.Mvc.Async.AsyncControllerActionInvoker.AsyncInvocationWithFilters.<InvokeActionMethodFilterAsynchronouslyRecursive>b__3d()
   在 System.Web.Mvc.Async.AsyncControllerActionInvoker.AsyncInvocationWithFilters.<>c__DisplayClass46.<InvokeActionMethodFilterAsynchronouslyRecursive>b__3f()
   在 System.Web.Mvc.Async.AsyncControllerActionInvoker.AsyncInvocationWithFilters.<>c__DisplayClass46.<InvokeActionMethodFilterAsynchronouslyRecursive>b__3f()
   在 System.Web.Mvc.Async.AsyncControllerActionInvoker.EndInvokeActionMethodWithFilters(IAsyncResult asyncResult)
   在 System.Web.Mvc.Async.AsyncControllerActionInvoker.<>c__DisplayClass21.<>c__DisplayClass2b.<BeginInvokeAction>b__1c()
   在 System.Web.Mvc.Async.AsyncControllerActionInvoker.<>c__DisplayClass21.<BeginInvokeAction>b__1e(IAsyncResult asyncResult)

 

 
记录时间：2018-04-09 11:13:09,431 
线程ID:[26] 
日志级别：  ERROR 
出错类：HCQ2UI_Logic.MyHandleErrorAttribute property: [(null)] - 
错误描述：
.捕获异常信息：
IP：::1
浏览器：Firefox
浏览器版本：46
操作系统：WinNT
错误信息：
错误页面：http://localhost/BBSBaseHCQ2/BaneUser/GetUrinalysisBaneData
错误信息：执行命令定义时出错。有关详细信息，请参阅内部异常。
错误源：EntityFramework
异常方法：System.Data.Common.DbDataReader ExecuteStoreCommands(System.Data.Entity.Core.EntityClient.EntityCommand, System.Data.CommandBehavior)
堆栈信息：   在 System.Data.Entity.Core.EntityClient.Internal.EntityCommandDefinition.ExecuteStoreCommands(EntityCommand entityCommand, CommandBehavior behavior)
   在 System.Data.Entity.Core.Objects.Internal.ObjectQueryExecutionPlan.Execute[TResultType](ObjectContext context, ObjectParameterCollection parameterValues)
   在 System.Data.Entity.Core.Objects.ObjectContext.ExecuteInTransaction[T](Func`1 func, IDbExecutionStrategy executionStrategy, Boolean startLocalTransaction, Boolean releaseConnectionOnSuccess)
   在 System.Data.Entity.Core.Objects.ObjectQuery`1.<>c__DisplayClass7.<GetResults>b__5()
   在 System.Data.Entity.SqlServer.DefaultSqlExecutionStrategy.Execute[TResult](Func`1 operation)
   在 System.Data.Entity.Core.Objects.ObjectQuery`1.GetResults(Nullable`1 forMergeOption)
   在 System.Data.Entity.Core.Objects.ObjectQuery`1.<System.Collections.Generic.IEnumerable<T>.GetEnumerator>b__0()
   在 System.Data.Entity.Internal.LazyEnumerator`1.MoveNext()
   在 System.Collections.Generic.List`1..ctor(IEnumerable`1 collection)
   在 System.Linq.Enumerable.ToList[TSource](IEnumerable`1 source)
   在 HCQ2_DAL_MSSQL.BaseDAL`1.Select[TKey](Expression`1 whereLambda, Expression`1 orderBy, Int32 pageIndex, Int32 pageSize, Boolean isAsc) 位置 G:\NET项目\BaseHCQ2\BBSHCQ2\HCQ2_DAL\BaseDAL.cs:行号 191
   在 HCQ2_BLL.BaseBLL`1.Select[TKey](Expression`1 whereLambda, Expression`1 orderLambda, Int32 pageIndex, Int32 pageSize, Boolean isAsc) 位置 G:\NET项目\BaseHCQ2\BBSHCQ2\HCQ2_BLL\BaseBLL.cs:行号 170
   在 HCQ2UI_Logic.BaneUserController.GetUrinalysisBaneData() 位置 G:\NET项目\BaseHCQ2\BBSHCQ2\HCQ2UI_Logic\BaneUserController\BaneUserController.cs:行号 483
   在 lambda_method(Closure , ControllerBase , Object[] )
   在 System.Web.Mvc.ReflectedActionDescriptor.Execute(ControllerContext controllerContext, IDictionary`2 parameters)
   在 System.Web.Mvc.ControllerActionInvoker.InvokeActionMethod(ControllerContext controllerContext, ActionDescriptor actionDescriptor, IDictionary`2 parameters)
   在 System.Web.Mvc.Async.AsyncControllerActionInvoker.<BeginInvokeSynchronousActionMethod>b__39(IAsyncResult asyncResult, ActionInvocation innerInvokeState)
   在 System.Web.Mvc.Async.AsyncResultWrapper.WrappedAsyncResult`2.CallEndDelegate(IAsyncResult asyncResult)
   在 System.Web.Mvc.Async.AsyncControllerActionInvoker.EndInvokeActionMethod(IAsyncResult asyncResult)
   在 System.Web.Mvc.Async.AsyncControllerActionInvoker.AsyncInvocationWithFilters.<InvokeActionMethodFilterAsynchronouslyRecursive>b__3d()
   在 System.Web.Mvc.Async.AsyncControllerActionInvoker.AsyncInvocationWithFilters.<>c__DisplayClass46.<InvokeActionMethodFilterAsynchronouslyRecursive>b__3f()
   在 System.Web.Mvc.Async.AsyncControllerActionInvoker.AsyncInvocationWithFilters.<>c__DisplayClass46.<InvokeActionMethodFilterAsynchronouslyRecursive>b__3f()
   在 System.Web.Mvc.Async.AsyncControllerActionInvoker.EndInvokeActionMethodWithFilters(IAsyncResult asyncResult)
   在 System.Web.Mvc.Async.AsyncControllerActionInvoker.<>c__DisplayClass21.<>c__DisplayClass2b.<BeginInvokeAction>b__1c()
   在 System.Web.Mvc.Async.AsyncControllerActionInvoker.<>c__DisplayClass21.<BeginInvokeAction>b__1e(IAsyncResult asyncResult)

 

 
记录时间：2018-04-09 14:25:58,489 
线程ID:[9] 
日志级别：  ERROR 
出错类：HCQ2UI_Logic.MyHandleErrorAttribute property: [(null)] - 
错误描述：
.捕获异常信息：
IP：::1
浏览器：Firefox
浏览器版本：47
操作系统：WinNT
错误信息：
错误页面：http://localhost/BBSBaseHCQ2/BaneProUser/GetBaneUserData
错误信息：列名 'ur_next_date' 无效。
列名 'ur_next_date' 无效。
错误源：.Net SqlClient Data Provider
异常方法：Void OnError(System.Data.SqlClient.SqlException, Boolean, System.Action`1[System.Action])
堆栈信息：   在 System.Data.SqlClient.SqlConnection.OnError(SqlException exception, Boolean breakConnection, Action`1 wrapCloseInAction)
   在 System.Data.SqlClient.TdsParser.ThrowExceptionAndWarning(TdsParserStateObject stateObj, Boolean callerHasConnectionLock, Boolean asyncClose)
   在 System.Data.SqlClient.TdsParser.TryRun(RunBehavior runBehavior, SqlCommand cmdHandler, SqlDataReader dataStream, BulkCopySimpleResultSet bulkCopyHandler, TdsParserStateObject stateObj, Boolean& dataReady)
   在 System.Data.SqlClient.SqlDataReader.TryConsumeMetaData()
   在 System.Data.SqlClient.SqlDataReader.get_MetaData()
   在 System.Data.SqlClient.SqlCommand.FinishExecuteReader(SqlDataReader ds, RunBehavior runBehavior, String resetOptionsString, Boolean isInternal, Boolean forDescribeParameterEncryption)
   在 System.Data.SqlClient.SqlCommand.RunExecuteReaderTds(CommandBehavior cmdBehavior, RunBehavior runBehavior, Boolean returnStream, Boolean async, Int32 timeout, Task& task, Boolean asyncWrite, Boolean inRetry, SqlDataReader ds, Boolean describeParameterEncryptionRequest)
   在 System.Data.SqlClient.SqlCommand.RunExecuteReader(CommandBehavior cmdBehavior, RunBehavior runBehavior, Boolean returnStream, String method, TaskCompletionSource`1 completion, Int32 timeout, Task& task, Boolean& usedCache, Boolean asyncWrite, Boolean inRetry)
   在 System.Data.SqlClient.SqlCommand.RunExecuteReader(CommandBehavior cmdBehavior, RunBehavior runBehavior, Boolean returnStream, String method)
   在 System.Data.SqlClient.SqlCommand.ExecuteScalar()
   在 HCQ2_Common.SQL.SqlHelper.ExecuteScalar(String sql, CommandType cmdType, SqlParameter[] psm) 位置 G:\NET项目\BaseHCQ2\BBSHCQ2\HCQ2_Common\SQL\SqlHelper.cs:行号 118
   在 HCQ2_DAL_MSSQL.Bane_UserDAL.GetBaneProDataCount(BaneListParams param) 位置 G:\NET项目\BaseHCQ2\BBSHCQ2\HCQ2_DAL\ExtensionDAL\Bane_UserDAL.cs:行号 174
   在 HCQ2_BLL.Bane_UserBLL.GetBaneProDataCount(BaneListParams param) 位置 G:\NET项目\BaseHCQ2\BBSHCQ2\HCQ2_BLL\ExtensionBLL\Bane_UserBLL.cs:行号 58
   在 HCQ2UI_Logic.BaneProUserController.GetBaneUserData() 位置 G:\NET项目\BaseHCQ2\BBSHCQ2\HCQ2UI_Logic\BaneUserController\BaneProUserController.cs:行号 55
   在 lambda_method(Closure , ControllerBase , Object[] )
   在 System.Web.Mvc.ReflectedActionDescriptor.Execute(ControllerContext controllerContext, IDictionary`2 parameters)
   在 System.Web.Mvc.ControllerActionInvoker.InvokeActionMethod(ControllerContext controllerContext, ActionDescriptor actionDescriptor, IDictionary`2 parameters)
   在 System.Web.Mvc.Async.AsyncControllerActionInvoker.<BeginInvokeSynchronousActionMethod>b__39(IAsyncResult asyncResult, ActionInvocation innerInvokeState)
   在 System.Web.Mvc.Async.AsyncResultWrapper.WrappedAsyncResult`2.CallEndDelegate(IAsyncResult asyncResult)
   在 System.Web.Mvc.Async.AsyncControllerActionInvoker.EndInvokeActionMethod(IAsyncResult asyncResult)
   在 System.Web.Mvc.Async.AsyncControllerActionInvoker.AsyncInvocationWithFilters.<InvokeActionMethodFilterAsynchronouslyRecursive>b__3d()
   在 System.Web.Mvc.Async.AsyncControllerActionInvoker.AsyncInvocationWithFilters.<>c__DisplayClass46.<InvokeActionMethodFilterAsynchronouslyRecursive>b__3f()
   在 System.Web.Mvc.Async.AsyncControllerActionInvoker.AsyncInvocationWithFilters.<>c__DisplayClass46.<InvokeActionMethodFilterAsynchronouslyRecursive>b__3f()
   在 System.Web.Mvc.Async.AsyncControllerActionInvoker.EndInvokeActionMethodWithFilters(IAsyncResult asyncResult)
   在 System.Web.Mvc.Async.AsyncControllerActionInvoker.<>c__DisplayClass21.<>c__DisplayClass2b.<BeginInvokeAction>b__1c()
   在 System.Web.Mvc.Async.AsyncControllerActionInvoker.<>c__DisplayClass21.<BeginInvokeAction>b__1e(IAsyncResult asyncResult)

 
