
 
记录时间：2018-05-17 10:00:00,748 
线程ID:[8] 
日志级别：  ERROR 
出错类：HCQ2UI_Logic.MyHandleErrorAttribute property: [(null)] - 
错误描述：
.捕获异常信息：
IP：::1
浏览器：Firefox
浏览器版本：47
操作系统：WinNT
错误信息：
错误页面：http://localhost/BBSBaseHCQ2/SysNewsMessage/DeleteNews/26
错误信息：“http:/localhost:80/BBSBaseHCQ2/UpFile/SysNewsImg/2018051709460672GLGIVT46”不是有效的虚拟路径。
错误源：System.Web
异常方法：Void CheckValidVirtualPath(System.String)
堆栈信息：   在 System.Web.Util.UrlPath.CheckValidVirtualPath(String path)
   在 System.Web.Util.UrlPath.Combine(String appPath, String basepath, String relative)
   在 System.Web.VirtualPath.Combine(VirtualPath relativePath)
   在 System.Web.HttpRequest.MapPath(VirtualPath virtualPath, VirtualPath baseVirtualDir, Boolean allowCrossAppMapping)
   在 System.Web.HttpServerUtility.MapPath(String path)
   在 HCQ2UI_Logic.AdminController.SysNewsMessageController.DeleteNews(Int32 id) 位置 G:\NET项目\BaseHCQ2\BBSHCQ2\HCQ2UI_Logic\AdminController\SysNewsMessageController.cs:行号 97
   在 lambda_method(Closure , ControllerBase , Object[] )
   在 System.Web.Mvc.ReflectedActionDescriptor.Execute(ControllerContext controllerContext, IDictionary`2 parameters)
   在 System.Web.Mvc.ControllerActionInvoker.InvokeActionMethod(ControllerContext controllerContext, ActionDescriptor actionDescriptor, IDictionary`2 parameters)
   在 System.Web.Mvc.Async.AsyncControllerActionInvoker.<BeginInvokeSynchronousActionMethod>b__39(IAsyncResult asyncResult, ActionInvocation innerInvokeState)
   在 System.Web.Mvc.Async.AsyncResultWrapper.WrappedAsyncResult`2.CallEndDelegate(IAsyncResult asyncResult)
   在 System.Web.Mvc.Async.AsyncControllerActionInvoker.EndInvokeActionMethod(IAsyncResult asyncResult)
   在 System.Web.Mvc.Async.AsyncControllerActionInvoker.AsyncInvocationWithFilters.<InvokeActionMethodFilterAsynchronouslyRecursive>b__3d()
   在 System.Web.Mvc.Async.AsyncControllerActionInvoker.AsyncInvocationWithFilters.<>c__DisplayClass46.<InvokeActionMethodFilterAsynchronouslyRecursive>b__3f()
   在 System.Web.Mvc.Async.AsyncControllerActionInvoker.AsyncInvocationWithFilters.<>c__DisplayClass46.<InvokeActionMethodFilterAsynchronouslyRecursive>b__3f()
   在 System.Web.Mvc.Async.AsyncControllerActionInvoker.EndInvokeActionMethodWithFilters(IAsyncResult asyncResult)
   在 System.Web.Mvc.Async.AsyncControllerActionInvoker.<>c__DisplayClass21.<>c__DisplayClass2b.<BeginInvokeAction>b__1c()
   在 System.Web.Mvc.Async.AsyncControllerActionInvoker.<>c__DisplayClass21.<BeginInvokeAction>b__1e(IAsyncResult asyncResult)

 

 
记录时间：2018-05-17 10:14:45,712 
线程ID:[29] 
日志级别：  ERROR 
出错类：HCQ2UI_Logic.MyHandleErrorAttribute property: [(null)] - 
错误描述：
.捕获异常信息：
IP：::1
浏览器：Firefox
浏览器版本：47
操作系统：WinNT
错误信息：
错误页面：http://localhost/BBSBaseHCQ2/SysNewsMessage/DeleteNews/26
错误信息：“http:/localhost:80/BBSBaseHCQ2/UpFile/SysNewsImg/2018051709460672GLGIVT46”不是有效的虚拟路径。
错误源：System.Web
异常方法：Void CheckValidVirtualPath(System.String)
堆栈信息：   在 System.Web.Util.UrlPath.CheckValidVirtualPath(String path)
   在 System.Web.Util.UrlPath.Combine(String appPath, String basepath, String relative)
   在 System.Web.VirtualPath.Combine(VirtualPath relativePath)
   在 System.Web.HttpRequest.MapPath(VirtualPath virtualPath, VirtualPath baseVirtualDir, Boolean allowCrossAppMapping)
   在 System.Web.HttpServerUtility.MapPath(String path)
   在 HCQ2UI_Logic.AdminController.SysNewsMessageController.DeleteNews(Int32 id) 位置 G:\NET项目\BaseHCQ2\BBSHCQ2\HCQ2UI_Logic\AdminController\SysNewsMessageController.cs:行号 99
   在 lambda_method(Closure , ControllerBase , Object[] )
   在 System.Web.Mvc.ReflectedActionDescriptor.Execute(ControllerContext controllerContext, IDictionary`2 parameters)
   在 System.Web.Mvc.ControllerActionInvoker.InvokeActionMethod(ControllerContext controllerContext, ActionDescriptor actionDescriptor, IDictionary`2 parameters)
   在 System.Web.Mvc.Async.AsyncControllerActionInvoker.<BeginInvokeSynchronousActionMethod>b__39(IAsyncResult asyncResult, ActionInvocation innerInvokeState)
   在 System.Web.Mvc.Async.AsyncResultWrapper.WrappedAsyncResult`2.CallEndDelegate(IAsyncResult asyncResult)
   在 System.Web.Mvc.Async.AsyncControllerActionInvoker.EndInvokeActionMethod(IAsyncResult asyncResult)
   在 System.Web.Mvc.Async.AsyncControllerActionInvoker.AsyncInvocationWithFilters.<InvokeActionMethodFilterAsynchronouslyRecursive>b__3d()
   在 System.Web.Mvc.Async.AsyncControllerActionInvoker.AsyncInvocationWithFilters.<>c__DisplayClass46.<InvokeActionMethodFilterAsynchronouslyRecursive>b__3f()
   在 System.Web.Mvc.Async.AsyncControllerActionInvoker.AsyncInvocationWithFilters.<>c__DisplayClass46.<InvokeActionMethodFilterAsynchronouslyRecursive>b__3f()
   在 System.Web.Mvc.Async.AsyncControllerActionInvoker.EndInvokeActionMethodWithFilters(IAsyncResult asyncResult)
   在 System.Web.Mvc.Async.AsyncControllerActionInvoker.<>c__DisplayClass21.<>c__DisplayClass2b.<BeginInvokeAction>b__1c()
   在 System.Web.Mvc.Async.AsyncControllerActionInvoker.<>c__DisplayClass21.<BeginInvokeAction>b__1e(IAsyncResult asyncResult)

 

 
记录时间：2018-05-17 10:21:25,239 
线程ID:[17] 
日志级别：  ERROR 
出错类：HCQ2UI_Logic.MyHandleErrorAttribute property: [(null)] - 
错误描述：
.捕获异常信息：
IP：::1
浏览器：Firefox
浏览器版本：47
操作系统：WinNT
错误信息：
错误页面：http://localhost/BBSBaseHCQ2/SysNewsMessage/DeleteNews/26
错误信息：未能找到路径“G:\NET项目\BaseHCQ2\BBSHCQ2\HCQ2UI\BBSBaseHCQ2\UpFile\SysNewsImg”的一部分。
错误源：mscorlib
异常方法：Void WinIOError(Int32, System.String)
堆栈信息：   在 System.IO.__Error.WinIOError(Int32 errorCode, String maybeFullPath)
   在 System.IO.Directory.Delete(String fullPath, String userPath, Boolean recursive, Boolean checkHost)
   在 HCQ2UI_Logic.AdminController.SysNewsMessageController.DeleteNews(Int32 id) 位置 G:\NET项目\BaseHCQ2\BBSHCQ2\HCQ2UI_Logic\AdminController\SysNewsMessageController.cs:行号 104
   在 lambda_method(Closure , ControllerBase , Object[] )
   在 System.Web.Mvc.ReflectedActionDescriptor.Execute(ControllerContext controllerContext, IDictionary`2 parameters)
   在 System.Web.Mvc.ControllerActionInvoker.InvokeActionMethod(ControllerContext controllerContext, ActionDescriptor actionDescriptor, IDictionary`2 parameters)
   在 System.Web.Mvc.Async.AsyncControllerActionInvoker.<BeginInvokeSynchronousActionMethod>b__39(IAsyncResult asyncResult, ActionInvocation innerInvokeState)
   在 System.Web.Mvc.Async.AsyncResultWrapper.WrappedAsyncResult`2.CallEndDelegate(IAsyncResult asyncResult)
   在 System.Web.Mvc.Async.AsyncControllerActionInvoker.EndInvokeActionMethod(IAsyncResult asyncResult)
   在 System.Web.Mvc.Async.AsyncControllerActionInvoker.AsyncInvocationWithFilters.<InvokeActionMethodFilterAsynchronouslyRecursive>b__3d()
   在 System.Web.Mvc.Async.AsyncControllerActionInvoker.AsyncInvocationWithFilters.<>c__DisplayClass46.<InvokeActionMethodFilterAsynchronouslyRecursive>b__3f()
   在 System.Web.Mvc.Async.AsyncControllerActionInvoker.AsyncInvocationWithFilters.<>c__DisplayClass46.<InvokeActionMethodFilterAsynchronouslyRecursive>b__3f()
   在 System.Web.Mvc.Async.AsyncControllerActionInvoker.EndInvokeActionMethodWithFilters(IAsyncResult asyncResult)
   在 System.Web.Mvc.Async.AsyncControllerActionInvoker.<>c__DisplayClass21.<>c__DisplayClass2b.<BeginInvokeAction>b__1c()
   在 System.Web.Mvc.Async.AsyncControllerActionInvoker.<>c__DisplayClass21.<BeginInvokeAction>b__1e(IAsyncResult asyncResult)

 

 
记录时间：2018-05-17 11:33:51,241 
线程ID:[18] 
日志级别：  ERROR 
出错类：HCQ2UI_Logic.MyHandleErrorAttribute property: [(null)] - 
错误描述：
.捕获异常信息：
IP：::1
浏览器：Firefox
浏览器版本：47
操作系统：WinNT
错误信息：
错误页面：http://localhost/BBSBaseHCQ2/SysNewsMessage/DeleteNews/28
错误信息：未能找到路径“G:\NET项目\BaseHCQ2\BBSHCQ2\HCQ2UI\UpFile\SysNewsImg\214”的一部分。
错误源：mscorlib
异常方法：Void WinIOError(Int32, System.String)
堆栈信息：   在 System.IO.__Error.WinIOError(Int32 errorCode, String maybeFullPath)
   在 System.IO.Directory.Delete(String fullPath, String userPath, Boolean recursive, Boolean checkHost)
   在 HCQ2UI_Logic.AdminController.SysNewsMessageController.DeleteNews(Int32 id) 位置 G:\NET项目\BaseHCQ2\BBSHCQ2\HCQ2UI_Logic\AdminController\SysNewsMessageController.cs:行号 104
   在 lambda_method(Closure , ControllerBase , Object[] )
   在 System.Web.Mvc.ReflectedActionDescriptor.Execute(ControllerContext controllerContext, IDictionary`2 parameters)
   在 System.Web.Mvc.ControllerActionInvoker.InvokeActionMethod(ControllerContext controllerContext, ActionDescriptor actionDescriptor, IDictionary`2 parameters)
   在 System.Web.Mvc.Async.AsyncControllerActionInvoker.<BeginInvokeSynchronousActionMethod>b__39(IAsyncResult asyncResult, ActionInvocation innerInvokeState)
   在 System.Web.Mvc.Async.AsyncResultWrapper.WrappedAsyncResult`2.CallEndDelegate(IAsyncResult asyncResult)
   在 System.Web.Mvc.Async.AsyncControllerActionInvoker.EndInvokeActionMethod(IAsyncResult asyncResult)
   在 System.Web.Mvc.Async.AsyncControllerActionInvoker.AsyncInvocationWithFilters.<InvokeActionMethodFilterAsynchronouslyRecursive>b__3d()
   在 System.Web.Mvc.Async.AsyncControllerActionInvoker.AsyncInvocationWithFilters.<>c__DisplayClass46.<InvokeActionMethodFilterAsynchronouslyRecursive>b__3f()
   在 System.Web.Mvc.Async.AsyncControllerActionInvoker.AsyncInvocationWithFilters.<>c__DisplayClass46.<InvokeActionMethodFilterAsynchronouslyRecursive>b__3f()
   在 System.Web.Mvc.Async.AsyncControllerActionInvoker.EndInvokeActionMethodWithFilters(IAsyncResult asyncResult)
   在 System.Web.Mvc.Async.AsyncControllerActionInvoker.<>c__DisplayClass21.<>c__DisplayClass2b.<BeginInvokeAction>b__1c()
   在 System.Web.Mvc.Async.AsyncControllerActionInvoker.<>c__DisplayClass21.<BeginInvokeAction>b__1e(IAsyncResult asyncResult)

 

 
记录时间：2018-05-17 11:34:29,029 
线程ID:[37] 
日志级别：  ERROR 
出错类：HCQ2UI_Logic.MyHandleErrorAttribute property: [(null)] - 
错误描述：
.捕获异常信息：
IP：::1
浏览器：Firefox
浏览器版本：47
操作系统：WinNT
错误信息：
错误页面：http://localhost/BBSBaseHCQ2/SysNewsMessage/DeleteNews/28
错误信息：未能找到路径“G:\NET项目\BaseHCQ2\BBSHCQ2\HCQ2UI\UpFile\SysNewsImg\214”的一部分。
错误源：mscorlib
异常方法：Void WinIOError(Int32, System.String)
堆栈信息：   在 System.IO.__Error.WinIOError(Int32 errorCode, String maybeFullPath)
   在 System.IO.Directory.Delete(String fullPath, String userPath, Boolean recursive, Boolean checkHost)
   在 HCQ2UI_Logic.AdminController.SysNewsMessageController.DeleteNews(Int32 id) 位置 G:\NET项目\BaseHCQ2\BBSHCQ2\HCQ2UI_Logic\AdminController\SysNewsMessageController.cs:行号 104
   在 lambda_method(Closure , ControllerBase , Object[] )
   在 System.Web.Mvc.ReflectedActionDescriptor.Execute(ControllerContext controllerContext, IDictionary`2 parameters)
   在 System.Web.Mvc.ControllerActionInvoker.InvokeActionMethod(ControllerContext controllerContext, ActionDescriptor actionDescriptor, IDictionary`2 parameters)
   在 System.Web.Mvc.Async.AsyncControllerActionInvoker.<BeginInvokeSynchronousActionMethod>b__39(IAsyncResult asyncResult, ActionInvocation innerInvokeState)
   在 System.Web.Mvc.Async.AsyncResultWrapper.WrappedAsyncResult`2.CallEndDelegate(IAsyncResult asyncResult)
   在 System.Web.Mvc.Async.AsyncControllerActionInvoker.EndInvokeActionMethod(IAsyncResult asyncResult)
   在 System.Web.Mvc.Async.AsyncControllerActionInvoker.AsyncInvocationWithFilters.<InvokeActionMethodFilterAsynchronouslyRecursive>b__3d()
   在 System.Web.Mvc.Async.AsyncControllerActionInvoker.AsyncInvocationWithFilters.<>c__DisplayClass46.<InvokeActionMethodFilterAsynchronouslyRecursive>b__3f()
   在 System.Web.Mvc.Async.AsyncControllerActionInvoker.AsyncInvocationWithFilters.<>c__DisplayClass46.<InvokeActionMethodFilterAsynchronouslyRecursive>b__3f()
   在 System.Web.Mvc.Async.AsyncControllerActionInvoker.EndInvokeActionMethodWithFilters(IAsyncResult asyncResult)
   在 System.Web.Mvc.Async.AsyncControllerActionInvoker.<>c__DisplayClass21.<>c__DisplayClass2b.<BeginInvokeAction>b__1c()
   在 System.Web.Mvc.Async.AsyncControllerActionInvoker.<>c__DisplayClass21.<BeginInvokeAction>b__1e(IAsyncResult asyncResult)

 
