
 
记录时间：2018-05-14 16:16:02,541 
线程ID:[47] 
日志级别：  ERROR 
出错类：HCQ2UI_Logic.MyHandleErrorAttribute property: [(null)] - 
错误描述：
.捕获异常信息：
IP：::1
浏览器：Firefox
浏览器版本：47
操作系统：WinNT
错误信息：
错误页面：http://localhost/BBSBaseHCQ2/BaneChat/EditScore
错误信息：输入字符串的格式不正确。
错误源：mscorlib
异常方法：Void StringToNumber(System.String, System.Globalization.NumberStyles, NumberBuffer ByRef, System.Globalization.NumberFormatInfo, Boolean)
堆栈信息：   在 System.Number.StringToNumber(String str, NumberStyles options, NumberBuffer& number, NumberFormatInfo info, Boolean parseDecimal)
   在 System.Number.ParseInt32(String s, NumberStyles style, NumberFormatInfo info)
   在 System.Convert.ToInt32(String value)
   在 HCQ2_BLL.Bane_QuestionInfoBLL.EditAnswerQuestion(Bane_QuestionInfo model, String options) 位置 G:\NET项目\BaseHCQ2\BBSHCQ2\HCQ2_BLL\ExtensionBLL\Bane_QuestionInfoBLL.cs:行号 69
   在 HCQ2UI_Logic.BaneChatController.EditScore(Bane_QuestionInfo model) 位置 G:\NET项目\BaseHCQ2\BBSHCQ2\HCQ2UI_Logic\BaneUserController\BaneChatController.cs:行号 86
   在 lambda_method(Closure , ControllerBase , Object[] )
   在 System.Web.Mvc.ReflectedActionDescriptor.Execute(ControllerContext controllerContext, IDictionary`2 parameters)
   在 System.Web.Mvc.ControllerActionInvoker.InvokeActionMethod(ControllerContext controllerContext, ActionDescriptor actionDescriptor, IDictionary`2 parameters)
   在 System.Web.Mvc.Async.AsyncControllerActionInvoker.<BeginInvokeSynchronousActionMethod>b__39(IAsyncResult asyncResult, ActionInvocation innerInvokeState)
   在 System.Web.Mvc.Async.AsyncResultWrapper.WrappedAsyncResult`2.CallEndDelegate(IAsyncResult asyncResult)
   在 System.Web.Mvc.Async.AsyncControllerActionInvoker.EndInvokeActionMethod(IAsyncResult asyncResult)
   在 System.Web.Mvc.Async.AsyncControllerActionInvoker.AsyncInvocationWithFilters.<InvokeActionMethodFilterAsynchronouslyRecursive>b__3d()
   在 System.Web.Mvc.Async.AsyncControllerActionInvoker.AsyncInvocationWithFilters.<>c__DisplayClass46.<InvokeActionMethodFilterAsynchronouslyRecursive>b__3f()
   在 System.Web.Mvc.Async.AsyncControllerActionInvoker.AsyncInvocationWithFilters.<>c__DisplayClass46.<InvokeActionMethodFilterAsynchronouslyRecursive>b__3f()
   在 System.Web.Mvc.Async.AsyncControllerActionInvoker.EndInvokeActionMethodWithFilters(IAsyncResult asyncResult)
   在 System.Web.Mvc.Async.AsyncControllerActionInvoker.<>c__DisplayClass21.<>c__DisplayClass2b.<BeginInvokeAction>b__1c()
   在 System.Web.Mvc.Async.AsyncControllerActionInvoker.<>c__DisplayClass21.<BeginInvokeAction>b__1e(IAsyncResult asyncResult)

 

 
记录时间：2018-05-14 16:17:49,127 
线程ID:[44] 
日志级别：  ERROR 
出错类：HCQ2UI_Logic.MyHandleErrorAttribute property: [(null)] - 
错误描述：
.捕获异常信息：
IP：::1
浏览器：Firefox
浏览器版本：47
操作系统：WinNT
错误信息：
错误页面：http://localhost/BBSBaseHCQ2/BaneChat/EditScore
错误信息：输入字符串的格式不正确。
错误源：mscorlib
异常方法：Void StringToNumber(System.String, System.Globalization.NumberStyles, NumberBuffer ByRef, System.Globalization.NumberFormatInfo, Boolean)
堆栈信息：   在 System.Number.StringToNumber(String str, NumberStyles options, NumberBuffer& number, NumberFormatInfo info, Boolean parseDecimal)
   在 System.Number.ParseInt32(String s, NumberStyles style, NumberFormatInfo info)
   在 System.Convert.ToInt32(String value)
   在 HCQ2_BLL.Bane_QuestionInfoBLL.EditAnswerQuestion(Bane_QuestionInfo model, String options) 位置 G:\NET项目\BaseHCQ2\BBSHCQ2\HCQ2_BLL\ExtensionBLL\Bane_QuestionInfoBLL.cs:行号 69
   在 HCQ2UI_Logic.BaneChatController.EditScore(Bane_QuestionInfo model) 位置 G:\NET项目\BaseHCQ2\BBSHCQ2\HCQ2UI_Logic\BaneUserController\BaneChatController.cs:行号 86
   在 lambda_method(Closure , ControllerBase , Object[] )
   在 System.Web.Mvc.ReflectedActionDescriptor.Execute(ControllerContext controllerContext, IDictionary`2 parameters)
   在 System.Web.Mvc.ControllerActionInvoker.InvokeActionMethod(ControllerContext controllerContext, ActionDescriptor actionDescriptor, IDictionary`2 parameters)
   在 System.Web.Mvc.Async.AsyncControllerActionInvoker.<BeginInvokeSynchronousActionMethod>b__39(IAsyncResult asyncResult, ActionInvocation innerInvokeState)
   在 System.Web.Mvc.Async.AsyncResultWrapper.WrappedAsyncResult`2.CallEndDelegate(IAsyncResult asyncResult)
   在 System.Web.Mvc.Async.AsyncControllerActionInvoker.EndInvokeActionMethod(IAsyncResult asyncResult)
   在 System.Web.Mvc.Async.AsyncControllerActionInvoker.AsyncInvocationWithFilters.<InvokeActionMethodFilterAsynchronouslyRecursive>b__3d()
   在 System.Web.Mvc.Async.AsyncControllerActionInvoker.AsyncInvocationWithFilters.<>c__DisplayClass46.<InvokeActionMethodFilterAsynchronouslyRecursive>b__3f()
   在 System.Web.Mvc.Async.AsyncControllerActionInvoker.AsyncInvocationWithFilters.<>c__DisplayClass46.<InvokeActionMethodFilterAsynchronouslyRecursive>b__3f()
   在 System.Web.Mvc.Async.AsyncControllerActionInvoker.EndInvokeActionMethodWithFilters(IAsyncResult asyncResult)
   在 System.Web.Mvc.Async.AsyncControllerActionInvoker.<>c__DisplayClass21.<>c__DisplayClass2b.<BeginInvokeAction>b__1c()
   在 System.Web.Mvc.Async.AsyncControllerActionInvoker.<>c__DisplayClass21.<BeginInvokeAction>b__1e(IAsyncResult asyncResult)

 

 
记录时间：2018-05-14 16:18:59,745 
线程ID:[44] 
日志级别：  ERROR 
出错类：HCQ2UI_Logic.MyHandleErrorAttribute property: [(null)] - 
错误描述：
.捕获异常信息：
IP：::1
浏览器：Firefox
浏览器版本：47
操作系统：WinNT
错误信息：
错误页面：http://localhost/BBSBaseHCQ2/BaneChat/EditScore
错误信息：输入字符串的格式不正确。
错误源：mscorlib
异常方法：Void StringToNumber(System.String, System.Globalization.NumberStyles, NumberBuffer ByRef, System.Globalization.NumberFormatInfo, Boolean)
堆栈信息：   在 System.Number.StringToNumber(String str, NumberStyles options, NumberBuffer& number, NumberFormatInfo info, Boolean parseDecimal)
   在 System.Number.ParseInt32(String s, NumberStyles style, NumberFormatInfo info)
   在 System.Convert.ToInt32(String value)
   在 HCQ2_BLL.Bane_QuestionInfoBLL.EditAnswerQuestion(Bane_QuestionInfo model, String options) 位置 G:\NET项目\BaseHCQ2\BBSHCQ2\HCQ2_BLL\ExtensionBLL\Bane_QuestionInfoBLL.cs:行号 69
   在 HCQ2UI_Logic.BaneChatController.EditScore(Bane_QuestionInfo model) 位置 G:\NET项目\BaseHCQ2\BBSHCQ2\HCQ2UI_Logic\BaneUserController\BaneChatController.cs:行号 86
   在 lambda_method(Closure , ControllerBase , Object[] )
   在 System.Web.Mvc.ReflectedActionDescriptor.Execute(ControllerContext controllerContext, IDictionary`2 parameters)
   在 System.Web.Mvc.ControllerActionInvoker.InvokeActionMethod(ControllerContext controllerContext, ActionDescriptor actionDescriptor, IDictionary`2 parameters)
   在 System.Web.Mvc.Async.AsyncControllerActionInvoker.<BeginInvokeSynchronousActionMethod>b__39(IAsyncResult asyncResult, ActionInvocation innerInvokeState)
   在 System.Web.Mvc.Async.AsyncResultWrapper.WrappedAsyncResult`2.CallEndDelegate(IAsyncResult asyncResult)
   在 System.Web.Mvc.Async.AsyncControllerActionInvoker.EndInvokeActionMethod(IAsyncResult asyncResult)
   在 System.Web.Mvc.Async.AsyncControllerActionInvoker.AsyncInvocationWithFilters.<InvokeActionMethodFilterAsynchronouslyRecursive>b__3d()
   在 System.Web.Mvc.Async.AsyncControllerActionInvoker.AsyncInvocationWithFilters.<>c__DisplayClass46.<InvokeActionMethodFilterAsynchronouslyRecursive>b__3f()
   在 System.Web.Mvc.Async.AsyncControllerActionInvoker.AsyncInvocationWithFilters.<>c__DisplayClass46.<InvokeActionMethodFilterAsynchronouslyRecursive>b__3f()
   在 System.Web.Mvc.Async.AsyncControllerActionInvoker.EndInvokeActionMethodWithFilters(IAsyncResult asyncResult)
   在 System.Web.Mvc.Async.AsyncControllerActionInvoker.<>c__DisplayClass21.<>c__DisplayClass2b.<BeginInvokeAction>b__1c()
   在 System.Web.Mvc.Async.AsyncControllerActionInvoker.<>c__DisplayClass21.<BeginInvokeAction>b__1e(IAsyncResult asyncResult)

 
