
 
记录时间：2017-08-23 10:22:38,949 
线程ID:[58] 
日志级别：  ERROR 
出错类：HCQ2WebAPI_Logic.DExceptionFilterAttribute property: [(null)] - 
错误描述：
.捕获异常信息：
IP：::1
浏览器：Unknown
浏览器版本：0
操作系统：Unknown
错误信息：
错误页面：http://localhost/HCQ2WebAPI/api/CompanyProject/GetComEnterDetail
错误信息：类型“System.DateTime”的对象无法转换为类型“System.String”。
错误源：mscorlib
异常方法：System.Object TryChangeType(System.Object, System.Reflection.Binder, System.Globalization.CultureInfo, Boolean)
堆栈信息：   在 System.RuntimeType.TryChangeType(Object value, Binder binder, CultureInfo culture, Boolean needsSpecialCast)
   在 System.Reflection.MethodBase.CheckArguments(Object[] parameters, Binder binder, BindingFlags invokeAttr, CultureInfo culture, Signature sig)
   在 System.Reflection.RuntimeMethodInfo.InvokeArgumentsCheck(Object obj, BindingFlags invokeAttr, Binder binder, Object[] parameters, CultureInfo culture)
   在 System.Reflection.RuntimeMethodInfo.Invoke(Object obj, BindingFlags invokeAttr, Binder binder, Object[] parameters, CultureInfo culture)
   在 System.Reflection.RuntimePropertyInfo.SetValue(Object obj, Object value, Object[] index)
   在 HCQ2_Common.Data.DataTableHelper.DataTableToIList[T](DataTable dt, Boolean isChangeDateToStr) 位置 G:\NET项目\TaoCode\HCQ2\HCQ2_Common\Data\DataTableHelper.cs:行号 154
   在 HCQ2_DAL_MSSQL.WGJG_ZXDAL.GetCompayEnterDetail(CompanyDetailModel model) 位置 G:\NET项目\TaoCode\HCQ2\HCQ2_DAL\ExtensionDAL\WGJG_ZXDAL.cs:行号 120
   在 HCQ2_BLL.WGJG_ZXBLL.GetCompayEnterDetail(CompanyDetailModel model) 位置 G:\NET项目\TaoCode\HCQ2\HCQ2_BLL\ExtensionBLL\WGJG_ZXBLL.cs:行号 84
   在 HCQ2WebAPI_Logic.APPController.CompanyProjectController.GetComEnterDetail(CompanyDetailModel model) 位置 G:\NET项目\TaoCode\HCQ2\HCQ2WebAPI_Logic\APPController\CompanyProjectController.cs:行号 47
   在 System.Web.Http.Controllers.ReflectedHttpActionDescriptor.ActionExecutor.<>c__DisplayClass10.<GetExecutor>b__9(Object instance, Object[] methodParameters)
   在 System.Web.Http.Controllers.ReflectedHttpActionDescriptor.ExecuteAsync(HttpControllerContext controllerContext, IDictionary`2 arguments, CancellationToken cancellationToken)
--- 引发异常的上一位置中堆栈跟踪的末尾 ---
   在 System.Runtime.ExceptionServices.ExceptionDispatchInfo.Throw()
   在 System.Runtime.CompilerServices.TaskAwaiter.HandleNonSuccessAndDebuggerNotification(Task task)
   在 System.Web.Http.Controllers.ApiControllerActionInvoker.<InvokeActionAsyncCore>d__0.MoveNext()
--- 引发异常的上一位置中堆栈跟踪的末尾 ---
   在 System.Runtime.ExceptionServices.ExceptionDispatchInfo.Throw()
   在 System.Runtime.CompilerServices.TaskAwaiter.HandleNonSuccessAndDebuggerNotification(Task task)
   在 System.Web.Http.Controllers.ActionFilterResult.<ExecuteAsync>d__2.MoveNext()
--- 引发异常的上一位置中堆栈跟踪的末尾 ---
   在 System.Runtime.ExceptionServices.ExceptionDispatchInfo.Throw()
   在 System.Runtime.CompilerServices.TaskAwaiter.HandleNonSuccessAndDebuggerNotification(Task task)
   在 System.Web.Http.Filters.AuthorizationFilterAttribute.<ExecuteAuthorizationFilterAsyncCore>d__2.MoveNext()
--- 引发异常的上一位置中堆栈跟踪的末尾 ---
   在 System.Runtime.ExceptionServices.ExceptionDispatchInfo.Throw()
   在 System.Runtime.CompilerServices.TaskAwaiter.HandleNonSuccessAndDebuggerNotification(Task task)
   在 System.Web.Http.Controllers.AuthenticationFilterResult.<ExecuteAsync>d__0.MoveNext()
--- 引发异常的上一位置中堆栈跟踪的末尾 ---
   在 System.Runtime.ExceptionServices.ExceptionDispatchInfo.Throw()
   在 System.Runtime.CompilerServices.TaskAwaiter.HandleNonSuccessAndDebuggerNotification(Task task)
   在 System.Web.Http.Controllers.ExceptionFilterResult.<ExecuteAsync>d__0.MoveNext()

 
